# JRE version: Java(TM) SE Runtime Environment (8.0_20-b26) (build 1.8.0_20-b26)
# Java VM: Java HotSpot(TM) 64-Bit Server VM (25.20-b23 mixed mode windows-amd64 compressed oops)
Heap:
 PSYoungGen      total 102400K, used 27607K [0x00000000eb200000, 0x00000000f2000000, 0x0000000100000000)
  eden space 93184K, 22% used [0x00000000eb200000,0x00000000ec615530,0x00000000f0d00000)
  from space 9216K, 76% used [0x00000000f1600000,0x00000000f1ce08d8,0x00000000f1f00000)
  to   space 9216K, 0% used [0x00000000f0d00000,0x00000000f0d00000,0x00000000f1600000)
 ParOldGen       total 40448K, used 20100K [0x00000000c1600000, 0x00000000c3d80000, 0x00000000eb200000)
  object space 40448K, 49% used [0x00000000c1600000,0x00000000c29a12b0,0x00000000c3d80000)
 Metaspace       used 2953K, capacity 4632K, committed 4864K, reserved 1056768K
  class space    used 296K, capacity 392K, committed 512K, reserved 1048576K
GC Heap History (10 events):
Event: 2.102 GC heap before
{Heap before GC invocations=19 (full 2):
 PSYoungGen      total 102400K, used 7053K [0x00000000eb200000, 0x00000000f2000000, 0x0000000100000000)
  eden space 93184K, 0% used [0x00000000eb200000,0x00000000eb200000,0x00000000f0d00000)
  from space 9216K, 76% used [0x00000000f0d00000,0x00000000f13e35d8,0x00000000f1600000)
  to   space 9216K, 0% used [0x00000000f1600000,0x00000000f1600000,0x00000000f1f00000)
 ParOldGen       total 38400K, used 32475K [0x00000000c1600000, 0x00000000c3b80000, 0x00000000eb200000)
  object space 38400K, 84% used [0x00000000c1600000,0x00000000c35b6f08,0x00000000c3b80000)
 Metaspace       used 2953K, capacity 4632K, committed 4864K, reserved 1056768K
  class space    used 296K, capacity 392K, committed 512K, reserved 1048576K
Event: 2.127 GC heap after
Heap after GC invocations=19 (full 2):
 PSYoungGen      total 102400K, used 0K [0x00000000eb200000, 0x00000000f2000000, 0x0000000100000000)
  eden space 93184K, 0% used [0x00000000eb200000,0x00000000eb200000,0x00000000f0d00000)
  from space 9216K, 0% used [0x00000000f0d00000,0x00000000f0d00000,0x00000000f1600000)
  to   space 9216K, 0% used [0x00000000f1600000,0x00000000f1600000,0x00000000f1f00000)
 ParOldGen       total 40448K, used 5662K [0x00000000c1600000, 0x00000000c3d80000, 0x00000000eb200000)
  object space 40448K, 14% used [0x00000000c1600000,0x00000000c1b87b80,0x00000000c3d80000)
 Metaspace       used 2953K, capacity 4632K, committed 4864K, reserved 1056768K
  class space    used 296K, capacity 392K, committed 512K, reserved 1048576K
}
Event: 2.209 GC heap before
{Heap before GC invocations=20 (full 2):
 PSYoungGen      total 102400K, used 93184K [0x00000000eb200000, 0x00000000f2000000, 0x0000000100000000)
  eden space 93184K, 100% used [0x00000000eb200000,0x00000000f0d00000,0x00000000f0d00000)
  from space 9216K, 0% used [0x00000000f0d00000,0x00000000f0d00000,0x00000000f1600000)
  to   space 9216K, 0% used [0x00000000f1600000,0x00000000f1600000,0x00000000f1f00000)
 ParOldGen       total 40448K, used 5662K [0x00000000c1600000, 0x00000000c3d80000, 0x00000000eb200000)
  object space 40448K, 14% used [0x00000000c1600000,0x00000000c1b87b80,0x00000000c3d80000)
 Metaspace       used 2953K, capacity 4632K, committed 4864K, reserved 1056768K
  class space    used 296K, capacity 392K, committed 512K, reserved 1048576K
Event: 2.217 GC heap after
Heap after GC invocations=20 (full 2):
 PSYoungGen      total 102400K, used 5943K [0x00000000eb200000, 0x00000000f2000000, 0x0000000100000000)
  eden space 93184K, 0% used [0x00000000eb200000,0x00000000eb200000,0x00000000f0d00000)
  from space 9216K, 64% used [0x00000000f1600000,0x00000000f1bcdc70,0x00000000f1f00000)
  to   space 9216K, 0% used [0x00000000f0d00000,0x00000000f0d00000,0x00000000f1600000)
 ParOldGen       total 40448K, used 5662K [0x00000000c1600000, 0x00000000c3d80000, 0x00000000eb200000)
  object space 40448K, 14% used [0x00000000c1600000,0x00000000c1b87b80,0x00000000c3d80000)
 Metaspace       used 2953K, capacity 4632K, committed 4864K, reserved 1056768K
  class space    used 296K, capacity 392K, committed 512K, reserved 1048576K
}
Event: 2.317 GC heap before
{Heap before GC invocations=21 (full 2):
 PSYoungGen      total 102400K, used 99127K [0x00000000eb200000, 0x00000000f2000000, 0x0000000100000000)
  eden space 93184K, 100% used [0x00000000eb200000,0x00000000f0d00000,0x00000000f0d00000)
  from space 9216K, 64% used [0x00000000f1600000,0x00000000f1bcdc70,0x00000000f1f00000)
  to   space 9216K, 0% used [0x00000000f0d00000,0x00000000f0d00000,0x00000000f1600000)
 ParOldGen       total 40448K, used 5662K [0x00000000c1600000, 0x00000000c3d80000, 0x00000000eb200000)
  object space 40448K, 14% used [0x00000000c1600000,0x00000000c1b87b80,0x00000000c3d80000)
 Metaspace       used 2953K, capacity 4632K, committed 4864K, reserved 1056768K
  class space    used 296K, capacity 392K, committed 512K, reserved 1048576K
Event: 2.331 GC heap after
Heap after GC invocations=21 (full 2):
 PSYoungGen      total 102400K, used 6977K [0x00000000eb200000, 0x00000000f2000000, 0x0000000100000000)
  eden space 93184K, 0% used [0x00000000eb200000,0x00000000eb200000,0x00000000f0d00000)
  from space 9216K, 75% used [0x00000000f0d00000,0x00000000f13d0730,0x00000000f1600000)
  to   space 9216K, 0% used [0x00000000f1600000,0x00000000f1600000,0x00000000f1f00000)
 ParOldGen       total 40448K, used 11598K [0x00000000c1600000, 0x00000000c3d80000, 0x00000000eb200000)
  object space 40448K, 28% used [0x00000000c1600000,0x00000000c21538f8,0x00000000c3d80000)
 Metaspace       used 2953K, capacity 4632K, committed 4864K, reserved 1056768K
  class space    used 296K, capacity 392K, committed 512K, reserved 1048576K
}
Event: 2.422 GC heap before
{Heap before GC invocations=22 (full 2):
 PSYoungGen      total 102400K, used 100161K [0x00000000eb200000, 0x00000000f2000000, 0x0000000100000000)
  eden space 93184K, 100% used [0x00000000eb200000,0x00000000f0d00000,0x00000000f0d00000)
  from space 9216K, 75% used [0x00000000f0d00000,0x00000000f13d0730,0x00000000f1600000)
  to   space 9216K, 0% used [0x00000000f1600000,0x00000000f1600000,0x00000000f1f00000)
 ParOldGen       total 40448K, used 11598K [0x00000000c1600000, 0x00000000c3d80000, 0x00000000eb200000)
  object space 40448K, 28% used [0x00000000c1600000,0x00000000c21538f8,0x00000000c3d80000)
 Metaspace       used 2953K, capacity 4632K, committed 4864K, reserved 1056768K
  class space    used 296K, capacity 392K, committed 512K, reserved 1048576K
Event: 2.425 GC heap after
Heap after GC invocations=22 (full 2):
 PSYoungGen      total 102400K, used 2336K [0x00000000eb200000, 0x00000000f2000000, 0x0000000100000000)
  eden space 93184K, 0% used [0x00000000eb200000,0x00000000eb200000,0x00000000f0d00000)
  from space 9216K, 25% used [0x00000000f1600000,0x00000000f1848000,0x00000000f1f00000)
  to   space 9216K, 0% used [0x00000000f0d00000,0x00000000f0d00000,0x00000000f1600000)
 ParOldGen       total 40448K, used 11868K [0x00000000c1600000, 0x00000000c3d80000, 0x00000000eb200000)
  object space 40448K, 29% used [0x00000000c1600000,0x00000000c21972f8,0x00000000c3d80000)
 Metaspace       used 2953K, capacity 4632K, committed 4864K, reserved 1056768K
  class space    used 296K, capacity 392K, committed 512K, reserved 1048576K
}
Event: 2.508 GC heap before
{Heap before GC invocations=23 (full 2):
 PSYoungGen      total 102400K, used 95520K [0x00000000eb200000, 0x00000000f2000000, 0x0000000100000000)
  eden space 93184K, 100% used [0x00000000eb200000,0x00000000f0d00000,0x00000000f0d00000)
  from space 9216K, 25% used [0x00000000f1600000,0x00000000f1848000,0x00000000f1f00000)
  to   space 9216K, 0% used [0x00000000f0d00000,0x00000000f0d00000,0x00000000f1600000)
 ParOldGen       total 40448K, used 11868K [0x00000000c1600000, 0x00000000c3d80000, 0x00000000eb200000)
  object space 40448K, 29% used [0x00000000c1600000,0x00000000c21972f8,0x00000000c3d80000)
 Metaspace       used 2953K, capacity 4632K, committed 4864K, reserved 1056768K
  class space    used 296K, capacity 392K, committed 512K, reserved 1048576K
Event: 2.518 GC heap after
Heap after GC invocations=23 (full 2):
 PSYoungGen      total 102400K, used 5983K [0x00000000eb200000, 0x00000000f2000000, 0x0000000100000000)
  eden space 93184K, 0% used [0x00000000eb200000,0x00000000eb200000,0x00000000f0d00000)
  from space 9216K, 64% used [0x00000000f0d00000,0x00000000f12d7d90,0x00000000f1600000)
  to   space 9216K, 0% used [0x00000000f1600000,0x00000000f1600000,0x00000000f1f00000)
 ParOldGen       total 40448K, used 14185K [0x00000000c1600000, 0x00000000c3d80000, 0x00000000eb200000)
  object space 40448K, 35% used [0x00000000c1600000,0x00000000c23da660,0x00000000c3d80000)
 Metaspace       used 2953K, capacity 4632K, committed 4864K, reserved 1056768K
  class space    used 296K, capacity 392K, committed 512K, reserved 1048576K
}

