# JRE version: Java(TM) SE Runtime Environment (8.0_20-b26) (build 1.8.0_20-b26)
# Java VM: Java HotSpot(TM) 64-Bit Server VM (25.20-b23 mixed mode windows-amd64 compressed oops)
Heap:
 PSYoungGen      total 296960K, used 61063K [0x00000000eb200000, 0x0000000100000000, 0x0000000100000000)
  eden space 265216K, 16% used [0x00000000eb200000,0x00000000edd32118,0x00000000fb500000)
  from space 31744K, 53% used [0x00000000fe100000,0x00000000ff16fdc8,0x0000000100000000)
  to   space 38400K, 0% used [0x00000000fb500000,0x00000000fb500000,0x00000000fda80000)
 ParOldGen       total 83456K, used 82822K [0x00000000c1600000, 0x00000000c6780000, 0x00000000eb200000)
  object space 83456K, 99% used [0x00000000c1600000,0x00000000c66e19d0,0x00000000c6780000)
 Metaspace       used 2836K, capacity 4566K, committed 4864K, reserved 1056768K
  class space    used 294K, capacity 390K, committed 512K, reserved 1048576K
GC Heap History (10 events):
Event: 1.932 GC heap before
{Heap before GC invocations=10 (full 0):
 PSYoungGen      total 272896K, used 272893K [0x00000000eb200000, 0x0000000100000000, 0x0000000100000000)
  eden space 256512K, 100% used [0x00000000eb200000,0x00000000fac80000,0x00000000fac80000)
  from space 16384K, 99% used [0x00000000fac80000,0x00000000fbc7f410,0x00000000fbc80000)
  to   space 24576K, 0% used [0x00000000fe800000,0x00000000fe800000,0x0000000100000000)
 ParOldGen       total 44032K, used 32502K [0x00000000c1600000, 0x00000000c4100000, 0x00000000eb200000)
  object space 44032K, 73% used [0x00000000c1600000,0x00000000c35bd828,0x00000000c4100000)
 Metaspace       used 2641K, capacity 4564K, committed 4864K, reserved 1056768K
  class space    used 283K, capacity 388K, committed 512K, reserved 1048576K
Event: 1.974 GC heap after
Heap after GC invocations=10 (full 0):
 PSYoungGen      total 304128K, used 24573K [0x00000000eb200000, 0x0000000100000000, 0x0000000100000000)
  eden space 279552K, 0% used [0x00000000eb200000,0x00000000eb200000,0x00000000fc300000)
  from space 24576K, 99% used [0x00000000fe800000,0x00000000fffff708,0x0000000100000000)
  to   space 31232K, 0% used [0x00000000fc300000,0x00000000fc300000,0x00000000fe180000)
 ParOldGen       total 44032K, used 40595K [0x00000000c1600000, 0x00000000c4100000, 0x00000000eb200000)
  object space 44032K, 92% used [0x00000000c1600000,0x00000000c3da4c20,0x00000000c4100000)
 Metaspace       used 2641K, capacity 4564K, committed 4864K, reserved 1056768K
  class space    used 283K, capacity 388K, committed 512K, reserved 1048576K
}
Event: 1.974 GC heap before
{Heap before GC invocations=11 (full 1):
 PSYoungGen      total 304128K, used 24573K [0x00000000eb200000, 0x0000000100000000, 0x0000000100000000)
  eden space 279552K, 0% used [0x00000000eb200000,0x00000000eb200000,0x00000000fc300000)
  from space 24576K, 99% used [0x00000000fe800000,0x00000000fffff708,0x0000000100000000)
  to   space 31232K, 0% used [0x00000000fc300000,0x00000000fc300000,0x00000000fe180000)
 ParOldGen       total 44032K, used 40595K [0x00000000c1600000, 0x00000000c4100000, 0x00000000eb200000)
  object space 44032K, 92% used [0x00000000c1600000,0x00000000c3da4c20,0x00000000c4100000)
 Metaspace       used 2641K, capacity 4564K, committed 4864K, reserved 1056768K
  class space    used 283K, capacity 388K, committed 512K, reserved 1048576K
Event: 2.565 GC heap after
Heap after GC invocations=11 (full 1):
 PSYoungGen      total 304128K, used 20949K [0x00000000eb200000, 0x0000000100000000, 0x0000000100000000)
  eden space 279552K, 0% used [0x00000000eb200000,0x00000000eb200000,0x00000000fc300000)
  from space 24576K, 85% used [0x00000000fe800000,0x00000000ffc757f8,0x0000000100000000)
  to   space 31232K, 0% used [0x00000000fc300000,0x00000000fc300000,0x00000000fe180000)
 ParOldGen       total 83456K, used 43685K [0x00000000c1600000, 0x00000000c6780000, 0x00000000eb200000)
  object space 83456K, 52% used [0x00000000c1600000,0x00000000c40a95b0,0x00000000c6780000)
 Metaspace       used 2641K, capacity 4564K, committed 4864K, reserved 1056768K
  class space    used 283K, capacity 388K, committed 512K, reserved 1048576K
}
Event: 2.940 GC heap before
{Heap before GC invocations=12 (full 1):
 PSYoungGen      total 304128K, used 300501K [0x00000000eb200000, 0x0000000100000000, 0x0000000100000000)
  eden space 279552K, 100% used [0x00000000eb200000,0x00000000fc300000,0x00000000fc300000)
  from space 24576K, 85% used [0x00000000fe800000,0x00000000ffc757f8,0x0000000100000000)
  to   space 31232K, 0% used [0x00000000fc300000,0x00000000fc300000,0x00000000fe180000)
 ParOldGen       total 83456K, used 43685K [0x00000000c1600000, 0x00000000c6780000, 0x00000000eb200000)
  object space 83456K, 52% used [0x00000000c1600000,0x00000000c40a95b0,0x00000000c6780000)
 Metaspace       used 2641K, capacity 4564K, committed 4864K, reserved 1056768K
  class space    used 283K, capacity 388K, committed 512K, reserved 1048576K
Event: 3.002 GC heap after
Heap after GC invocations=12 (full 1):
 PSYoungGen      total 297984K, used 18225K [0x00000000eb200000, 0x0000000100000000, 0x0000000100000000)
  eden space 279552K, 0% used [0x00000000eb200000,0x00000000eb200000,0x00000000fc300000)
  from space 18432K, 98% used [0x00000000fc300000,0x00000000fd4cc4f8,0x00000000fd500000)
  to   space 31744K, 0% used [0x00000000fe100000,0x00000000fe100000,0x0000000100000000)
 ParOldGen       total 83456K, used 64395K [0x00000000c1600000, 0x00000000c6780000, 0x00000000eb200000)
  object space 83456K, 77% used [0x00000000c1600000,0x00000000c54e2d28,0x00000000c6780000)
 Metaspace       used 2641K, capacity 4564K, committed 4864K, reserved 1056768K
  class space    used 283K, capacity 388K, committed 512K, reserved 1048576K
}
Event: 3.346 GC heap before
{Heap before GC invocations=13 (full 1):
 PSYoungGen      total 297984K, used 297777K [0x00000000eb200000, 0x0000000100000000, 0x0000000100000000)
  eden space 279552K, 100% used [0x00000000eb200000,0x00000000fc300000,0x00000000fc300000)
  from space 18432K, 98% used [0x00000000fc300000,0x00000000fd4cc4f8,0x00000000fd500000)
  to   space 31744K, 0% used [0x00000000fe100000,0x00000000fe100000,0x0000000100000000)
 ParOldGen       total 83456K, used 64395K [0x00000000c1600000, 0x00000000c6780000, 0x00000000eb200000)
  object space 83456K, 77% used [0x00000000c1600000,0x00000000c54e2d28,0x00000000c6780000)
 Metaspace       used 2641K, capacity 4564K, committed 4864K, reserved 1056768K
  class space    used 283K, capacity 388K, committed 512K, reserved 1048576K
Event: 3.396 GC heap after
Heap after GC invocations=13 (full 1):
 PSYoungGen      total 296960K, used 31732K [0x00000000eb200000, 0x0000000100000000, 0x0000000100000000)
  eden space 265216K, 0% used [0x00000000eb200000,0x00000000eb200000,0x00000000fb500000)
  from space 31744K, 99% used [0x00000000fe100000,0x00000000ffffd350,0x0000000100000000)
  to   space 38400K, 0% used [0x00000000fb500000,0x00000000fb500000,0x00000000fda80000)
 ParOldGen       total 83456K, used 68510K [0x00000000c1600000, 0x00000000c6780000, 0x00000000eb200000)
  object space 83456K, 82% used [0x00000000c1600000,0x00000000c58e7b80,0x00000000c6780000)
 Metaspace       used 2641K, capacity 4564K, committed 4864K, reserved 1056768K
  class space    used 283K, capacity 388K, committed 512K, reserved 1048576K
}
Event: 3.396 GC heap before
{Heap before GC invocations=14 (full 2):
 PSYoungGen      total 296960K, used 31732K [0x00000000eb200000, 0x0000000100000000, 0x0000000100000000)
  eden space 265216K, 0% used [0x00000000eb200000,0x00000000eb200000,0x00000000fb500000)
  from space 31744K, 99% used [0x00000000fe100000,0x00000000ffffd350,0x0000000100000000)
  to   space 38400K, 0% used [0x00000000fb500000,0x00000000fb500000,0x00000000fda80000)
 ParOldGen       total 83456K, used 68510K [0x00000000c1600000, 0x00000000c6780000, 0x00000000eb200000)
  object space 83456K, 82% used [0x00000000c1600000,0x00000000c58e7b80,0x00000000c6780000)
 Metaspace       used 2641K, capacity 4564K, committed 4864K, reserved 1056768K
  class space    used 283K, capacity 388K, committed 512K, reserved 1048576K
Event: 3.976 GC heap after
Heap after GC invocations=14 (full 2):
 PSYoungGen      total 296960K, used 16831K [0x00000000eb200000, 0x0000000100000000, 0x0000000100000000)
  eden space 265216K, 0% used [0x00000000eb200000,0x00000000eb200000,0x00000000fb500000)
  from space 31744K, 53% used [0x00000000fe100000,0x00000000ff16fdc8,0x0000000100000000)
  to   space 38400K, 0% used [0x00000000fb500000,0x00000000fb500000,0x00000000fda80000)
 ParOldGen       total 83456K, used 82822K [0x00000000c1600000, 0x00000000c6780000, 0x00000000eb200000)
  object space 83456K, 99% used [0x00000000c1600000,0x00000000c66e19d0,0x00000000c6780000)
 Metaspace       used 2641K, capacity 4564K, committed 4864K, reserved 1056768K
  class space    used 283K, capacity 388K, committed 512K, reserved 1048576K
}

