# JRE version: Java(TM) SE Runtime Environment (8.0_20-b26) (build 1.8.0_20-b26)
# Java VM: Java HotSpot(TM) 64-Bit Server VM (25.20-b23 mixed mode windows-amd64 compressed oops)
Heap:
 PSYoungGen      total 137216K, used 106240K [0x00000000eb200000, 0x00000000f4200000, 0x0000000100000000)
  eden space 130048K, 81% used [0x00000000eb200000,0x00000000f19c0220,0x00000000f3100000)
  from space 7168K, 0% used [0x00000000f3900000,0x00000000f3900000,0x00000000f4000000)
  to   space 8192K, 0% used [0x00000000f3100000,0x00000000f3100000,0x00000000f3900000)
 ParOldGen       total 83456K, used 4066K [0x00000000c1600000, 0x00000000c6780000, 0x00000000eb200000)
  object space 83456K, 4% used [0x00000000c1600000,0x00000000c19f8ac8,0x00000000c6780000)
 Metaspace       used 2921K, capacity 4568K, committed 4864K, reserved 1056768K
  class space    used 296K, capacity 392K, committed 512K, reserved 1048576K
GC Heap History (10 events):
Event: 2.859 GC heap before
{Heap before GC invocations=15 (full 1):
 PSYoungGen      total 138240K, used 138233K [0x00000000eb200000, 0x00000000f4200000, 0x0000000100000000)
  eden space 130048K, 100% used [0x00000000eb200000,0x00000000f3100000,0x00000000f3100000)
  from space 8192K, 99% used [0x00000000f3100000,0x00000000f38fe7d0,0x00000000f3900000)
  to   space 7168K, 0% used [0x00000000f3900000,0x00000000f3900000,0x00000000f4000000)
 ParOldGen       total 83456K, used 66480K [0x00000000c1600000, 0x00000000c6780000, 0x00000000eb200000)
  object space 83456K, 79% used [0x00000000c1600000,0x00000000c56ec1c8,0x00000000c6780000)
 Metaspace       used 2641K, capacity 4564K, committed 4864K, reserved 1056768K
  class space    used 283K, capacity 388K, committed 512K, reserved 1048576K
Event: 2.887 GC heap after
Heap after GC invocations=15 (full 1):
 PSYoungGen      total 137216K, used 7155K [0x00000000eb200000, 0x00000000f4200000, 0x0000000100000000)
  eden space 130048K, 0% used [0x00000000eb200000,0x00000000eb200000,0x00000000f3100000)
  from space 7168K, 99% used [0x00000000f3900000,0x00000000f3ffce30,0x00000000f4000000)
  to   space 8192K, 0% used [0x00000000f3100000,0x00000000f3100000,0x00000000f3900000)
 ParOldGen       total 83456K, used 75643K [0x00000000c1600000, 0x00000000c6780000, 0x00000000eb200000)
  object space 83456K, 90% used [0x00000000c1600000,0x00000000c5fdefb8,0x00000000c6780000)
 Metaspace       used 2641K, capacity 4564K, committed 4864K, reserved 1056768K
  class space    used 283K, capacity 388K, committed 512K, reserved 1048576K
}
Event: 2.887 GC heap before
{Heap before GC invocations=16 (full 2):
 PSYoungGen      total 137216K, used 7155K [0x00000000eb200000, 0x00000000f4200000, 0x0000000100000000)
  eden space 130048K, 0% used [0x00000000eb200000,0x00000000eb200000,0x00000000f3100000)
  from space 7168K, 99% used [0x00000000f3900000,0x00000000f3ffce30,0x00000000f4000000)
  to   space 8192K, 0% used [0x00000000f3100000,0x00000000f3100000,0x00000000f3900000)
 ParOldGen       total 83456K, used 75643K [0x00000000c1600000, 0x00000000c6780000, 0x00000000eb200000)
  object space 83456K, 90% used [0x00000000c1600000,0x00000000c5fdefb8,0x00000000c6780000)
 Metaspace       used 2641K, capacity 4564K, committed 4864K, reserved 1056768K
  class space    used 283K, capacity 388K, committed 512K, reserved 1048576K
Event: 3.390 GC heap after
Heap after GC invocations=16 (full 2):
 PSYoungGen      total 137216K, used 0K [0x00000000eb200000, 0x00000000f4200000, 0x0000000100000000)
  eden space 130048K, 0% used [0x00000000eb200000,0x00000000eb200000,0x00000000f3100000)
  from space 7168K, 0% used [0x00000000f3900000,0x00000000f3900000,0x00000000f4000000)
  to   space 8192K, 0% used [0x00000000f3100000,0x00000000f3100000,0x00000000f3900000)
 ParOldGen       total 83456K, used 81283K [0x00000000c1600000, 0x00000000c6780000, 0x00000000eb200000)
  object space 83456K, 97% used [0x00000000c1600000,0x00000000c6560ee8,0x00000000c6780000)
 Metaspace       used 2641K, capacity 4564K, committed 4864K, reserved 1056768K
  class space    used 283K, capacity 388K, committed 512K, reserved 1048576K
}
Event: 3.511 GC heap before
{Heap before GC invocations=17 (full 3):
 PSYoungGen      total 137216K, used 130048K [0x00000000eb200000, 0x00000000f4200000, 0x0000000100000000)
  eden space 130048K, 100% used [0x00000000eb200000,0x00000000f3100000,0x00000000f3100000)
  from space 7168K, 0% used [0x00000000f3900000,0x00000000f3900000,0x00000000f4000000)
  to   space 8192K, 0% used [0x00000000f3100000,0x00000000f3100000,0x00000000f3900000)
 ParOldGen       total 83456K, used 81283K [0x00000000c1600000, 0x00000000c6780000, 0x00000000eb200000)
  object space 83456K, 97% used [0x00000000c1600000,0x00000000c6560ee8,0x00000000c6780000)
 Metaspace       used 2641K, capacity 4564K, committed 4864K, reserved 1056768K
  class space    used 283K, capacity 388K, committed 512K, reserved 1048576K
Event: 3.861 GC heap after
Heap after GC invocations=17 (full 3):
 PSYoungGen      total 137216K, used 6027K [0x00000000eb200000, 0x00000000f4200000, 0x0000000100000000)
  eden space 130048K, 4% used [0x00000000eb200000,0x00000000eb7e2c38,0x00000000f3100000)
  from space 7168K, 0% used [0x00000000f3900000,0x00000000f3900000,0x00000000f4000000)
  to   space 8192K, 0% used [0x00000000f3100000,0x00000000f3100000,0x00000000f3900000)
 ParOldGen       total 83456K, used 83454K [0x00000000c1600000, 0x00000000c6780000, 0x00000000eb200000)
  object space 83456K, 99% used [0x00000000c1600000,0x00000000c677f8f8,0x00000000c6780000)
 Metaspace       used 2641K, capacity 4564K, committed 4864K, reserved 1056768K
  class space    used 283K, capacity 388K, committed 512K, reserved 1048576K
}
Event: 4.026 GC heap before
{Heap before GC invocations=18 (full 4):
 PSYoungGen      total 137216K, used 130048K [0x00000000eb200000, 0x00000000f4200000, 0x0000000100000000)
  eden space 130048K, 100% used [0x00000000eb200000,0x00000000f3100000,0x00000000f3100000)
  from space 7168K, 0% used [0x00000000f3900000,0x00000000f3900000,0x00000000f4000000)
  to   space 8192K, 0% used [0x00000000f3100000,0x00000000f3100000,0x00000000f3900000)
 ParOldGen       total 83456K, used 83454K [0x00000000c1600000, 0x00000000c6780000, 0x00000000eb200000)
  object space 83456K, 99% used [0x00000000c1600000,0x00000000c677f8f8,0x00000000c6780000)
 Metaspace       used 2641K, capacity 4564K, committed 4864K, reserved 1056768K
  class space    used 283K, capacity 388K, committed 512K, reserved 1048576K
Event: 4.313 GC heap after
Heap after GC invocations=18 (full 4):
 PSYoungGen      total 137216K, used 13809K [0x00000000eb200000, 0x00000000f4200000, 0x0000000100000000)
  eden space 130048K, 10% used [0x00000000eb200000,0x00000000ebf7c4e8,0x00000000f3100000)
  from space 7168K, 0% used [0x00000000f3900000,0x00000000f3900000,0x00000000f4000000)
  to   space 8192K, 0% used [0x00000000f3100000,0x00000000f3100000,0x00000000f3900000)
 ParOldGen       total 83456K, used 83409K [0x00000000c1600000, 0x00000000c6780000, 0x00000000eb200000)
  object space 83456K, 99% used [0x00000000c1600000,0x00000000c67747f8,0x00000000c6780000)
 Metaspace       used 2641K, capacity 4564K, committed 4864K, reserved 1056768K
  class space    used 283K, capacity 388K, committed 512K, reserved 1048576K
}
Event: 4.848 GC heap before
{Heap before GC invocations=19 (full 5):
 PSYoungGen      total 137216K, used 130048K [0x00000000eb200000, 0x00000000f4200000, 0x0000000100000000)
  eden space 130048K, 100% used [0x00000000eb200000,0x00000000f3100000,0x00000000f3100000)
  from space 7168K, 0% used [0x00000000f3900000,0x00000000f3900000,0x00000000f4000000)
  to   space 8192K, 0% used [0x00000000f3100000,0x00000000f3100000,0x00000000f3900000)
 ParOldGen       total 83456K, used 83409K [0x00000000c1600000, 0x00000000c6780000, 0x00000000eb200000)
  object space 83456K, 99% used [0x00000000c1600000,0x00000000c67747f8,0x00000000c6780000)
 Metaspace       used 2921K, capacity 4568K, committed 4864K, reserved 1056768K
  class space    used 296K, capacity 392K, committed 512K, reserved 1048576K
Event: 4.873 GC heap after
Heap after GC invocations=19 (full 5):
 PSYoungGen      total 137216K, used 0K [0x00000000eb200000, 0x00000000f4200000, 0x0000000100000000)
  eden space 130048K, 0% used [0x00000000eb200000,0x00000000eb200000,0x00000000f3100000)
  from space 7168K, 0% used [0x00000000f3900000,0x00000000f3900000,0x00000000f4000000)
  to   space 8192K, 0% used [0x00000000f3100000,0x00000000f3100000,0x00000000f3900000)
 ParOldGen       total 83456K, used 4066K [0x00000000c1600000, 0x00000000c6780000, 0x00000000eb200000)
  object space 83456K, 4% used [0x00000000c1600000,0x00000000c19f8ac8,0x00000000c6780000)
 Metaspace       used 2921K, capacity 4568K, committed 4864K, reserved 1056768K
  class space    used 296K, capacity 392K, committed 512K, reserved 1048576K
}

